# JRE version: 7.0_21-b11
# Java VM: Java HotSpot(TM) 64-Bit Server VM (23.21-b01 mixed mode windows-amd64 compressed oops)
Heap
 PSYoungGen      total 20864K, used 0K [0x00000000e0160000, 0x00000000e1a90000, 0x0000000100000000)
  eden space 16576K, 0% used [0x00000000e0160000,0x00000000e0160068,0x00000000e1190000)
  from space 4288K, 0% used [0x00000000e1660000,0x00000000e1660000,0x00000000e1a90000)
  to   space 4608K, 0% used [0x00000000e1190000,0x00000000e1190000,0x00000000e1610000)
 ParOldGen       total 1045888K, used 16888K [0x00000000a0400000, 0x00000000e0160000, 0x00000000e0160000)
  object space 1045888K, 1% used [0x00000000a0400000,0x00000000a147e288,0x00000000e0160000)
 PSPermGen       total 83968K, used 83967K [0x000000009b200000, 0x00000000a0400000, 0x00000000a0400000)
  object space 83968K, 99% used [0x000000009b200000,0x00000000a03fffc8,0x00000000a0400000)
GC Heap History (10 events):
Event: 745.749 GC heap before
{Heap before GC invocations=57 (full 17):
 PSYoungGen      total 21376K, used 96K [0x00000000e0160000, 0x00000000e1bc0000, 0x0000000100000000)
  eden space 16512K, 0% used [0x00000000e0160000,0x00000000e0160000,0x00000000e1180000)
  from space 4864K, 1% used [0x00000000e1700000,0x00000000e1718000,0x00000000e1bc0000)
  to   space 5248K, 0% used [0x00000000e1180000,0x00000000e1180000,0x00000000e16a0000)
 ParOldGen       total 1045888K, used 16960K [0x00000000a0400000, 0x00000000e0160000, 0x00000000e0160000)
  object space 1045888K, 1% used [0x00000000a0400000,0x00000000a1490360,0x00000000e0160000)
 PSPermGen       total 83968K, used 83967K [0x000000009b200000, 0x00000000a0400000, 0x00000000a0400000)
  object space 83968K, 99% used [0x000000009b200000,0x00000000a03fff40,0x00000000a0400000)
Event: 745.851 GC heap after
Heap after GC invocations=57 (full 17):
 PSYoungGen      total 21376K, used 0K [0x00000000e0160000, 0x00000000e1bc0000, 0x0000000100000000)
  eden space 16512K, 0% used [0x00000000e0160000,0x00000000e0160000,0x00000000e1180000)
  from space 4864K, 0% used [0x00000000e1700000,0x00000000e1700000,0x00000000e1bc0000)
  to   space 5248K, 0% used [0x00000000e1180000,0x00000000e1180000,0x00000000e16a0000)
 ParOldGen       total 1045888K, used 16917K [0x00000000a0400000, 0x00000000e0160000, 0x00000000e0160000)
  object space 1045888K, 1% used [0x00000000a0400000,0x00000000a1485710,0x00000000e0160000)
 PSPermGen       total 83968K, used 83900K [0x000000009b200000, 0x00000000a0400000, 0x00000000a0400000)
  object space 83968K, 99% used [0x000000009b200000,0x00000000a03ef068,0x00000000a0400000)
}
Event: 745.853 GC heap before
{Heap before GC invocations=58 (full 17):
 PSYoungGen      total 21376K, used 2K [0x00000000e0160000, 0x00000000e1bc0000, 0x0000000100000000)
  eden space 16512K, 0% used [0x00000000e0160000,0x00000000e0160938,0x00000000e1180000)
  from space 4864K, 0% used [0x00000000e1700000,0x00000000e1700000,0x00000000e1bc0000)
  to   space 5248K, 0% used [0x00000000e1180000,0x00000000e1180000,0x00000000e16a0000)
 ParOldGen       total 1045888K, used 16917K [0x00000000a0400000, 0x00000000e0160000, 0x00000000e0160000)
  object space 1045888K, 1% used [0x00000000a0400000,0x00000000a1485710,0x00000000e0160000)
 PSPermGen       total 83968K, used 83967K [0x000000009b200000, 0x00000000a0400000, 0x00000000a0400000)
  object space 83968K, 99% used [0x000000009b200000,0x00000000a03fffc8,0x00000000a0400000)
Event: 745.855 GC heap after
Heap after GC invocations=58 (full 17):
 PSYoungGen      total 16576K, used 32K [0x00000000e0160000, 0x00000000e1b30000, 0x0000000100000000)
  eden space 16512K, 0% used [0x00000000e0160000,0x00000000e0160000,0x00000000e1180000)
  from space 64K, 50% used [0x00000000e1180000,0x00000000e1188000,0x00000000e1190000)
  to   space 4928K, 0% used [0x00000000e1660000,0x00000000e1660000,0x00000000e1b30000)
 ParOldGen       total 1045888K, used 16917K [0x00000000a0400000, 0x00000000e0160000, 0x00000000e0160000)
  object space 1045888K, 1% used [0x00000000a0400000,0x00000000a1485710,0x00000000e0160000)
 PSPermGen       total 83968K, used 83967K [0x000000009b200000, 0x00000000a0400000, 0x00000000a0400000)
  object space 83968K, 99% used [0x000000009b200000,0x00000000a03fffc8,0x00000000a0400000)
}
Event: 745.855 GC heap before
{Heap before GC invocations=59 (full 18):
 PSYoungGen      total 16576K, used 32K [0x00000000e0160000, 0x00000000e1b30000, 0x0000000100000000)
  eden space 16512K, 0% used [0x00000000e0160000,0x00000000e0160000,0x00000000e1180000)
  from space 64K, 50% used [0x00000000e1180000,0x00000000e1188000,0x00000000e1190000)
  to   space 4928K, 0% used [0x00000000e1660000,0x00000000e1660000,0x00000000e1b30000)
 ParOldGen       total 1045888K, used 16917K [0x00000000a0400000, 0x00000000e0160000, 0x00000000e0160000)
  object space 1045888K, 1% used [0x00000000a0400000,0x00000000a1485710,0x00000000e0160000)
 PSPermGen       total 83968K, used 83967K [0x000000009b200000, 0x00000000a0400000, 0x00000000a0400000)
  object space 83968K, 99% used [0x000000009b200000,0x00000000a03fffc8,0x00000000a0400000)
Event: 745.952 GC heap after
Heap after GC invocations=59 (full 18):
 PSYoungGen      total 16576K, used 0K [0x00000000e0160000, 0x00000000e1b30000, 0x0000000100000000)
  eden space 16512K, 0% used [0x00000000e0160000,0x00000000e0160000,0x00000000e1180000)
  from space 64K, 0% used [0x00000000e1180000,0x00000000e1180000,0x00000000e1190000)
  to   space 4928K, 0% used [0x00000000e1660000,0x00000000e1660000,0x00000000e1b30000)
 ParOldGen       total 1045888K, used 16917K [0x00000000a0400000, 0x00000000e0160000, 0x00000000e0160000)
  object space 1045888K, 1% used [0x00000000a0400000,0x00000000a1485710,0x00000000e0160000)
 PSPermGen       total 83968K, used 83967K [0x000000009b200000, 0x00000000a0400000, 0x00000000a0400000)
  object space 83968K, 99% used [0x000000009b200000,0x00000000a03fffc8,0x00000000a0400000)
}
Event: 745.952 GC heap before
{Heap before GC invocations=60 (full 18):
 PSYoungGen      total 16576K, used 0K [0x00000000e0160000, 0x00000000e1b30000, 0x0000000100000000)
  eden space 16512K, 0% used [0x00000000e0160000,0x00000000e0160000,0x00000000e1180000)
  from space 64K, 0% used [0x00000000e1180000,0x00000000e1180000,0x00000000e1190000)
  to   space 4928K, 0% used [0x00000000e1660000,0x00000000e1660000,0x00000000e1b30000)
 ParOldGen       total 1045888K, used 16917K [0x00000000a0400000, 0x00000000e0160000, 0x00000000e0160000)
  object space 1045888K, 1% used [0x00000000a0400000,0x00000000a1485710,0x00000000e0160000)
 PSPermGen       total 83968K, used 83967K [0x000000009b200000, 0x00000000a0400000, 0x00000000a0400000)
  object space 83968K, 99% used [0x000000009b200000,0x00000000a03fffc8,0x00000000a0400000)
Event: 745.953 GC heap after
Heap after GC invocations=60 (full 18):
 PSYoungGen      total 20864K, used 0K [0x00000000e0160000, 0x00000000e1a90000, 0x0000000100000000)
  eden space 16576K, 0% used [0x00000000e0160000,0x00000000e0160000,0x00000000e1190000)
  from space 4288K, 0% used [0x00000000e1660000,0x00000000e1660000,0x00000000e1a90000)
  to   space 4608K, 0% used [0x00000000e1190000,0x00000000e1190000,0x00000000e1610000)
 ParOldGen       total 1045888K, used 16917K [0x00000000a0400000, 0x00000000e0160000, 0x00000000e0160000)
  object space 1045888K, 1% used [0x00000000a0400000,0x00000000a1485710,0x00000000e0160000)
 PSPermGen       total 83968K, used 83967K [0x000000009b200000, 0x00000000a0400000, 0x00000000a0400000)
  object space 83968K, 99% used [0x000000009b200000,0x00000000a03fffc8,0x00000000a0400000)
}
Event: 745.953 GC heap before
{Heap before GC invocations=61 (full 19):
 PSYoungGen      total 20864K, used 0K [0x00000000e0160000, 0x00000000e1a90000, 0x0000000100000000)
  eden space 16576K, 0% used [0x00000000e0160000,0x00000000e0160000,0x00000000e1190000)
  from space 4288K, 0% used [0x00000000e1660000,0x00000000e1660000,0x00000000e1a90000)
  to   space 4608K, 0% used [0x00000000e1190000,0x00000000e1190000,0x00000000e1610000)
 ParOldGen       total 1045888K, used 16917K [0x00000000a0400000, 0x00000000e0160000, 0x00000000e0160000)
  object space 1045888K, 1% used [0x00000000a0400000,0x00000000a1485710,0x00000000e0160000)
 PSPermGen       total 83968K, used 83967K [0x000000009b200000, 0x00000000a0400000, 0x00000000a0400000)
  object space 83968K, 99% used [0x000000009b200000,0x00000000a03fffc8,0x00000000a0400000)
Event: 746.049 GC heap after
Heap after GC invocations=61 (full 19):
 PSYoungGen      total 20864K, used 0K [0x00000000e0160000, 0x00000000e1a90000, 0x0000000100000000)
  eden space 16576K, 0% used [0x00000000e0160000,0x00000000e0160000,0x00000000e1190000)
  from space 4288K, 0% used [0x00000000e1660000,0x00000000e1660000,0x00000000e1a90000)
  to   space 4608K, 0% used [0x00000000e1190000,0x00000000e1190000,0x00000000e1610000)
 ParOldGen       total 1045888K, used 16888K [0x00000000a0400000, 0x00000000e0160000, 0x00000000e0160000)
  object space 1045888K, 1% used [0x00000000a0400000,0x00000000a147e288,0x00000000e0160000)
 PSPermGen       total 83968K, used 83967K [0x000000009b200000, 0x00000000a0400000, 0x00000000a0400000)
  object space 83968K, 99% used [0x000000009b200000,0x00000000a03fffc8,0x00000000a0400000)
}

